JvmtiExport can_access_local_variables 0
JvmtiExport can_hotswap_or_post_breakpoint 0
JvmtiExport can_post_on_exceptions 0
# 341 ciObject found
ciMethod java/lang/Object <init> ()V 4097 1 1434157 0 0
ciMethod java/lang/Object notifyAll ()V 2049 1 256 0 -1
ciMethod java/lang/String endsWith (Ljava/lang/String;)Z 3081 1 13958 0 -1
ciMethod java/lang/String indexOf (I)I 2057 1 10480 0 -1
ciMethod java/lang/Class forName (Ljava/lang/String;ZLjava/lang/ClassLoader;)Ljava/lang/Class; 177 1 31 0 -1
ciMethod java/lang/Class newInstance ()Ljava/lang/Object; 177 1 24 0 -1
ciMethod java/lang/Class isAssignableFrom (Ljava/lang/Class;)Z 3081 1 385 0 -1
ciMethod java/lang/Class getClassLoader ()Ljava/lang/ClassLoader; 2049 1 10053 0 -1
ciMethod java/lang/System nanoTime ()J 3073 1 384 0 -1
ciMethod java/lang/System getProperty (Ljava/lang/String;)Ljava/lang/String; 1297 1 178 0 -1
ciMethod java/lang/Throwable printStackTrace ()V 0 0 1 0 -1
ciMethod java/lang/ref/Reference get ()Ljava/lang/Object; 1025 1 128 0 -1
ciMethod java/lang/Runnable run ()V 0 0 1 0 -1
ciMethod java/lang/Thread currentThread ()Ljava/lang/Thread; 2049 1 256 0 -1
ciMethod java/util/Map size ()I 0 0 1 0 -1
ciMethod java/util/Map putAll (Ljava/util/Map;)V 0 0 1 0 -1
ciMethod java/util/Map entrySet ()Ljava/util/Set; 0 0 1 0 -1
ciMethod java/lang/invoke/DirectMethodHandle internalMemberName (Ljava/lang/Object;)Ljava/lang/Object; 3081 1 40076 0 -1
ciMethod sun/misc/Unsafe getAndAddInt (Ljava/lang/Object;JI)I 2049 1 1161 0 -1
ciMethod java/lang/Boolean booleanValue ()Z 1145 1 143 0 -1
ciMethod java/lang/Float isNaN (F)Z 3081 1 25579 0 0
ciMethod java/security/AccessController doPrivileged (Ljava/security/PrivilegedAction;)Ljava/lang/Object; 2049 1 256 1 -1
ciMethod java/security/AccessController doPrivileged (Ljava/security/PrivilegedAction;Ljava/security/AccessControlContext;)Ljava/lang/Object; 4105 1 513 0 -1
ciMethod java/util/AbstractCollection <init> ()V 1793 1 86568 0 32
ciMethod java/util/Set iterator ()Ljava/util/Iterator; 0 0 1 0 -1
ciMethod java/util/AbstractSet <init> ()V 185 1 28368 0 0
ciMethod java/util/AbstractMap <init> ()V 1305 1 16347 0 0
ciMethod java/lang/ref/ReferenceQueue <init> ()V 4097 1 8997 0 0
ciMethod java/lang/ref/ReferenceQueue$Lock <init> ()V 4097 1 9676 0 0
ciMethod java/lang/ref/ReferenceQueue$Lock <init> (Ljava/lang/ref/ReferenceQueue$1;)V 4097 1 9676 0 32
ciMethod java/util/Map$Entry getKey ()Ljava/lang/Object; 0 0 1 0 -1
ciMethod java/util/Map$Entry getValue ()Ljava/lang/Object; 0 0 1 0 -1
ciMethod java/util/Iterator hasNext ()Z 0 0 1 0 -1
ciMethod java/util/Iterator next ()Ljava/lang/Object; 0 0 1 0 -1
ciMethod java/util/WeakHashMap newTable (I)[Ljava/util/WeakHashMap$Entry; 2065 1 3335 0 0
ciMethod java/util/WeakHashMap <init> (IF)V 2057 8225 3329 0 832
ciMethod java/util/WeakHashMap <init> ()V 2057 1 10322 0 0
ciMethod java/util/WeakHashMap expungeStaleEntries ()V 2049 1 5417 0 -1
ciMethod java/util/WeakHashMap size ()I 3041 1 8573 0 832
ciMethod java/util/WeakHashMap isEmpty ()Z 2057 1 5381 0 0
ciMethod java/util/WeakHashMap put (Ljava/lang/Object;Ljava/lang/Object;)Ljava/lang/Object; 3073 17 5505 0 -1
ciMethod java/util/WeakHashMap resize (I)V 0 0 6 0 -1
ciMethod java/util/WeakHashMap putAll (Ljava/util/Map;)V 2065 1377 5382 0 5472
ciMethod java/util/WeakHashMap entrySet ()Ljava/util/Set; 2049 1 12434 0 224
ciMethod java/util/concurrent/atomic/AtomicInteger get ()I 1025 1 128 0 0
ciMethod java/util/concurrent/atomic/AtomicInteger decrementAndGet ()I 2617 1 2195 0 0
ciMethod java/util/concurrent/atomic/AtomicLong addAndGet (J)J 673 1 90 0 -1
ciMethodData java/lang/Object <init> ()V 2 1434157 orig 264 72 34 228 100 0 0 0 0 104 4 0 28 0 0 0 0 32 1 0 0 0 0 0 0 0 0 0 0 0 0 0 0 0 0 0 0 0 0 0 0 0 0 0 0 0 0 0 0 0 0 0 0 0 0 0 0 0 0 0 0 0 0 0 0 0 0 0 0 0 0 0 0 0 0 0 0 0 0 0 0 77 68 79 32 101 120 116 114 97 32 100 97 116 97 32 108 111 99 107 0 0 0 0 0 0 0 0 0 0 0 0 0 0 0 0 0 0 0 0 0 0 0 0 0 0 0 0 0 0 0 0 0 0 0 0 0 0 0 0 0 0 0 0 0 0 0 0 0 0 0 0 0 0 0 0 0 0 0 0 0 0 0 0 0 0 0 0 0 0 0 0 0 0 0 0 0 0 0 0 0 0 0 0 0 1 0 0 0 0 0 0 0 1 0 0 0 0 0 0 0 1 0 0 0 0 0 0 0 0 0 0 0 0 0 0 0 0 2 0 0 105 1 175 0 1 0 0 0 0 0 0 0 0 0 0 0 2 0 0 0 0 0 3 0 1 0 0 0 0 0 0 0 255 255 255 255 0 0 0 0 0 0 0 0 data 0 oops 0
ciMethod java/util/concurrent/atomic/AtomicBoolean get ()Z 3097 1 37584 0 64
ciMethod java/util/concurrent/atomic/AtomicBoolean set (Z)V 4097 1 14757 0 0
ciMethod java/util/concurrent/atomic/AtomicBoolean getAndSet (Z)Z 3073 1 13697 0 -1
ciMethod java/util/Queue add (Ljava/lang/Object;)Z 0 0 1 0 -1
ciMethodData java/util/AbstractCollection <init> ()V 2 86568 orig 264 72 34 228 100 0 0 0 0 40 250 11 28 0 0 0 0 48 1 0 0 0 0 0 0 0 0 0 0 0 0 0 0 0 0 0 0 0 0 0 0 0 0 0 0 0 0 0 0 0 0 0 0 0 0 0 0 0 0 0 0 0 0 0 0 0 0 0 0 0 0 0 0 0 0 0 0 0 0 0 0 77 68 79 32 101 120 116 114 97 32 100 97 116 97 32 108 111 99 107 0 0 0 0 0 0 0 0 0 0 0 0 0 0 0 0 0 0 0 0 0 0 0 0 0 0 0 0 0 0 0 0 0 0 0 0 0 0 0 0 0 0 0 0 0 0 0 0 0 0 0 0 0 0 0 0 0 0 0 0 0 0 0 0 0 0 0 0 0 0 0 0 0 0 0 0 0 0 0 0 0 0 0 0 0 1 0 0 0 0 0 0 0 0 0 0 0 0 0 0 0 1 0 0 0 0 0 0 0 0 0 0 0 0 0 0 0 224 0 0 0 65 138 10 0 1 0 0 0 0 0 0 0 0 0 0 0 2 0 0 0 0 0 3 0 2 0 0 0 16 0 0 0 255 255 255 255 2 0 1 0 0 0 0 0 data 2 0x10002 0x15148 oops 0
ciMethod java/lang/invoke/MethodHandle linkToStatic (Ljava/lang/Object;Ljava/lang/invoke/MemberName;)Ljava/lang/Object; 0 0 1 0 -1
ciMethod java/lang/invoke/MethodHandle invokeBasic (Ljava/lang/Object;)Ljava/lang/Object; 0 0 1 0 -1
ciMethodData java/util/AbstractSet <init> ()V 2 28368 orig 264 72 34 228 100 0 0 0 0 80 13 13 28 0 0 0 0 48 1 0 0 0 0 0 0 0 0 0 0 0 0 0 0 0 0 0 0 0 0 0 0 0 0 0 0 0 0 0 0 0 0 0 0 0 0 0 0 0 0 0 0 0 0 0 0 0 0 0 0 0 0 0 0 0 0 0 0 0 0 0 0 77 68 79 32 101 120 116 114 97 32 100 97 116 97 32 108 111 99 107 0 0 0 0 0 0 0 0 0 0 0 0 0 0 0 0 0 0 0 0 0 0 0 0 0 0 0 0 0 0 0 0 0 0 0 0 0 0 0 0 0 0 0 0 0 0 0 0 0 0 0 0 0 0 0 0 0 0 0 0 0 0 0 0 0 0 0 0 0 0 0 0 0 0 0 0 0 0 0 0 0 0 0 0 0 1 0 0 0 0 0 0 0 0 0 0 0 0 0 0 0 1 0 0 0 0 0 0 0 0 0 0 0 0 0 0 0 23 0 0 0 201 117 3 0 1 0 0 0 0 0 0 0 0 0 0 0 2 0 0 0 0 0 3 0 2 0 0 0 16 0 0 0 255 255 255 255 2 0 1 0 0 0 0 0 data 2 0x10002 0x6eb9 oops 0
ciMethodData java/util/AbstractMap <init> ()V 2 16347 orig 264 72 34 228 100 0 0 0 0 168 64 13 28 0 0 0 0 48 1 0 0 0 0 0 0 0 0 0 0 0 0 0 0 0 0 0 0 0 0 0 0 0 0 0 0 0 0 0 0 0 0 0 0 0 0 0 0 0 0 0 0 0 0 0 0 0 0 0 0 0 0 0 0 0 0 0 0 0 0 0 0 77 68 79 32 101 120 116 114 97 32 100 97 116 97 32 108 111 99 107 0 0 0 0 0 0 0 0 0 0 0 0 0 0 0 0 0 0 0 0 0 0 0 0 0 0 0 0 0 0 0 0 0 0 0 0 0 0 0 0 0 0 0 0 0 0 0 0 0 0 0 0 0 0 0 0 0 0 0 0 0 0 0 0 0 0 0 0 0 0 0 0 0 0 0 0 0 0 0 0 0 0 0 0 0 0 0 0 0 0 0 0 0 0 0 0 0 0 0 0 0 0 0 0 0 0 0 0 0 0 0 0 0 0 0 0 0 163 0 0 0 193 249 1 0 1 0 0 0 0 0 0 0 0 0 0 0 2 0 0 0 0 0 3 0 2 0 0 0 16 0 0 0 255 255 255 255 2 0 1 0 0 0 0 0 data 2 0x10002 0x3f38 oops 0
ciMethod com/sun/javafx/application/PlatformImpl isFxApplicationThread ()Z 2129 1 2234 0 0
ciMethod com/sun/javafx/application/PlatformImpl notifyFinishListeners (Z)V 0 0 1 0 -1
ciMethod com/sun/javafx/application/PlatformImpl checkIdle ()V 2049 1 2199 0 0
ciMethod com/sun/javafx/application/PlatformImpl lambda$runLater$174 (Ljava/lang/Runnable;Ljava/security/AccessControlContext;)V 2049 1 2195 0 0
ciMethod java/lang/invoke/LambdaForm$DMH invokeStatic_L_L (Ljava/lang/Object;Ljava/lang/Object;)Ljava/lang/Object; 2049 1 24113 0 -1
ciMethod java/lang/invoke/LambdaForm$MH linkToTargetMethod (Ljava/lang/Object;)Ljava/lang/Object; 513 1 1742 0 -1
ciMethod java/lang/invoke/LambdaForm$MH linkToTargetMethod (Ljava/lang/Object;Ljava/lang/Object;)Ljava/lang/Object; 2049 1 24111 0 -1
ciMethod com/sun/javafx/tk/Toolkit lookupToolkitClass (Ljava/lang/String;)Ljava/lang/String; 0 0 1 0 -1
ciMethod com/sun/javafx/tk/Toolkit getDefaultToolkit ()Ljava/lang/String; 9 1 1 0 -1
ciMethod com/sun/javafx/tk/Toolkit getToolkit ()Lcom/sun/javafx/tk/Toolkit; 2121 1 5389 0 576
ciMethod com/sun/javafx/tk/Toolkit isFxUserThread ()Z 2513 1 7619 0 0
ciMethod com/sun/javafx/tk/Toolkit init ()Z 0 0 1 0 -1
ciMethod com/sun/javafx/tk/Toolkit isNestedLoopRunning ()Z 0 0 1 0 -1
ciMethod com/sun/javafx/tk/Toolkit runPulse (Lcom/sun/javafx/tk/TKPulseListener;Ljava/security/AccessControlContext;)V 2049 1 6970 0 -1
ciMethod com/sun/javafx/tk/Toolkit firePulse ()V 2049 5025 3427 0 0
ciMethod com/sun/javafx/PlatformUtil isWindows ()Z 49 1 11 0 -1
ciMethod com/sun/javafx/tk/quantum/QuantumToolkit endPulseRunning ()V 2049 1 3426 0 -1
ciMethod com/sun/javafx/tk/quantum/QuantumToolkit pulse ()V 2049 1 3425 0 0
ciMethod com/sun/javafx/tk/quantum/QuantumToolkit pulse (Z)V 2049 1 3427 0 0
ciMethod com/sun/javafx/tk/quantum/QuantumToolkit lambda$runToolkit$404 ()V 2049 1 3425 0 0
ciMethod java/lang/invoke/LambdaForm$MH linkToTargetMethod (ILjava/lang/Object;)Ljava/lang/Object; 9 1 2 0 -1
ciMethod java/util/concurrent/TimeUnit toNanos (J)J 0 0 1 0 -1
ciMethod com/sun/scenario/animation/AbstractMasterTimer nanos ()J 2049 1 5389 0 128
ciMethod com/sun/scenario/animation/AbstractMasterTimer recordStart (J)V 0 0 1 0 -1
ciMethod com/sun/scenario/animation/AbstractMasterTimer recordEnd ()V 0 0 1 0 -1
ciMethod com/sun/scenario/animation/AbstractMasterTimer recordAnimationEnd ()V 0 0 1 0 -1
ciMethod com/sun/scenario/animation/AbstractMasterTimer postUpdateAnimationRunnable (Lcom/sun/scenario/DelayedRunnable;)V 0 0 1 0 -1
ciMethod com/sun/scenario/animation/AbstractMasterTimer timePulseImpl (J)V 2049 11993 1095 0 2432
ciMethod com/sun/scenario/animation/AbstractMasterTimer access$200 (Lcom/sun/scenario/animation/AbstractMasterTimer;)Z 1025 1 128 0 0
ciMethod com/sun/scenario/animation/AbstractMasterTimer access$300 ()Z 4097 1 3427 0 0
ciMethod com/sun/scenario/animation/AbstractMasterTimer access$400 ()Z 4097 1 3427 0 0
ciMethod com/sun/scenario/animation/AbstractMasterTimer access$500 (Lcom/sun/scenario/animation/AbstractMasterTimer;)I 1033 1 129 0 0
ciMethod com/sun/scenario/animation/AbstractMasterTimer access$600 (Lcom/sun/scenario/animation/AbstractMasterTimer;)I 1025 1 128 0 0
ciMethod com/sun/scenario/animation/AbstractMasterTimer access$700 (Lcom/sun/scenario/animation/AbstractMasterTimer;)I 1025 1 128 0 0
ciMethod com/sun/javafx/tk/quantum/MasterTimer recordStart (J)V 3073 1 3427 0 0
ciMethod com/sun/javafx/tk/quantum/MasterTimer recordEnd ()V 4097 1 3427 0 0
ciMethod com/sun/javafx/tk/quantum/PaintCollector renderAll ()V 2041 865 3424 0 -1
ciMethod com/sun/glass/ui/InvokeLaterDispatcher access$000 (Lcom/sun/glass/ui/InvokeLaterDispatcher;)Ljava/lang/Object; 1025 1 128 0 -1
ciMethod com/sun/javafx/tk/quantum/QuantumToolkit$$Lambda$44 run ()V 2049 1 3425 0 0
ciMethodData com/sun/javafx/tk/quantum/QuantumToolkit$$Lambda$44 run ()V 2 3425 orig 264 72 34 228 100 0 0 0 0 72 15 98 28 0 0 0 0 48 1 0 0 0 0 0 0 0 0 0 0 0 0 0 0 0 0 0 0 0 0 0 0 0 0 0 0 0 0 0 0 0 0 0 0 0 0 0 0 0 0 0 0 0 0 0 0 0 0 0 0 0 0 0 0 0 0 0 0 0 0 0 0 77 68 79 32 101 120 116 114 97 32 100 97 116 97 32 108 111 99 107 0 0 0 0 0 0 0 0 0 0 0 0 0 0 0 0 0 0 0 0 0 0 0 0 0 0 0 0 0 0 0 0 0 0 0 0 0 0 0 0 0 0 0 0 0 0 0 0 0 0 0 0 0 0 0 0 0 0 0 0 0 0 0 0 0 0 0 0 0 0 0 0 0 0 0 0 0 0 0 0 0 0 0 0 0 0 0 0 0 0 0 0 0 0 0 0 0 0 0 0 0 0 0 0 0 0 0 0 0 0 0 0 0 0 0 0 0 0 1 0 0 9 99 0 0 1 0 0 0 0 0 0 0 0 0 0 0 2 0 0 0 0 0 3 0 2 0 0 0 16 0 0 0 255 255 255 255 2 0 4 0 0 0 0 0 data 2 0x40002 0xc61 oops 0
ciMethod com/sun/javafx/animation/TickCalculation fromNano (J)J 3177 1 22543 0 -1
ciMethod com/sun/scenario/animation/shared/PulseReceiver timePulse (J)V 0 0 1 0 -1
ciMethod com/sun/scenario/animation/shared/TimerReceiver handle (J)V 0 0 1 0 -1
ciMethod com/sun/scenario/animation/AbstractMasterTimer$MainLoop run ()V 2049 1 3427 0 0
ciMethod com/sun/scenario/animation/AbstractMasterTimer$MainLoop updateNextPulseTime (J)V 2049 1 3427 0 0
ciMethod com/sun/scenario/animation/AbstractMasterTimer$MainLoop updateAnimationRunnable ()V 2049 1 3431 0 0
ciMethod com/sun/glass/ui/InvokeLaterDispatcher$Future run ()V 4097 1 5632 0 -1
ciMethod com/sun/javafx/application/PlatformImpl$$Lambda$51 run ()V 2049 1 2195 0 0
ciMethodData com/sun/javafx/application/PlatformImpl$$Lambda$51 run ()V 2 2195 orig 264 72 34 228 100 0 0 0 0 120 139 100 28 0 0 0 0 88 1 0 0 0 0 0 0 0 0 0 0 0 0 0 0 0 0 0 0 0 0 0 0 0 0 0 0 0 0 0 0 0 0 0 0 0 0 0 0 0 0 0 0 0 0 0 0 0 0 0 0 0 0 0 0 0 0 0 0 0 0 0 0 77 68 79 32 101 120 116 114 97 32 100 97 116 97 32 108 111 99 107 0 0 0 0 0 0 0 0 0 0 0 0 0 0 0 0 0 0 0 0 0 0 0 0 0 0 0 0 0 0 0 0 0 0 0 0 0 0 0 0 0 0 0 0 0 0 0 0 0 0 0 0 0 0 0 0 0 0 0 0 0 0 0 0 0 0 0 0 0 0 0 0 0 0 0 0 0 0 0 0 0 0 0 0 0 0 0 0 0 0 0 0 0 0 0 0 0 0 0 0 0 0 0 0 0 0 0 0 0 0 0 0 0 0 0 0 0 0 1 0 0 153 60 0 0 1 0 0 0 0 0 0 0 0 0 0 0 2 0 0 0 0 0 3 0 2 0 0 0 16 0 0 0 255 255 255 255 2 0 8 0 0 0 0 0 data 2 0x80002 0x793 oops 0
ciMethod com/sun/javafx/application/PlatformImpl$$Lambda$52 <init> (Ljava/lang/Runnable;)V 3073 1 2195 0 0
ciMethod com/sun/javafx/application/PlatformImpl$$Lambda$52 get$Lambda (Ljava/lang/Runnable;)Ljava/security/PrivilegedAction; 3073 1 2195 0 0
ciMethodData com/sun/javafx/application/PlatformImpl$$Lambda$52 get$Lambda (Ljava/lang/Runnable;)Ljava/security/PrivilegedAction; 2 2195 orig 264 72 34 228 100 0 0 0 0 192 158 100 28 0 0 0 0 48 1 0 0 0 0 0 0 0 0 0 0 0 0 0 0 0 0 0 0 0 0 0 0 0 0 0 0 0 0 0 0 0 0 0 0 0 0 0 0 0 0 0 0 0 0 0 0 0 0 0 0 0 0 0 0 0 0 0 0 0 0 0 0 77 68 79 32 101 120 116 114 97 32 100 97 116 97 32 108 111 99 107 0 0 0 0 0 0 0 0 0 0 0 0 0 0 0 0 0 0 0 0 0 0 0 0 0 0 0 0 0 0 0 0 0 0 0 0 0 0 0 0 0 0 0 0 0 0 0 0 0 0 0 0 0 0 0 0 0 0 0 0 0 0 0 0 0 0 0 0 0 0 0 0 0 0 0 0 0 0 0 0 0 0 0 0 0 0 0 0 0 0 0 0 0 0 0 0 0 0 0 0 0 0 0 0 0 0 0 0 0 0 0 0 0 0 0 0 0 128 1 0 0 153 56 0 0 1 0 0 0 0 0 0 0 0 0 0 0 2 0 0 0 0 0 3 0 2 0 0 0 16 0 0 0 255 255 255 255 2 0 5 0 0 0 0 0 data 2 0x50002 0x713 oops 0
ciMethodData com/sun/javafx/application/PlatformImpl$$Lambda$52 <init> (Ljava/lang/Runnable;)V 2 2195 orig 264 72 34 228 100 0 0 0 0 40 158 100 28 0 0 0 0 56 1 0 0 0 0 0 0 0 0 0 0 0 0 0 0 0 0 0 0 0 0 0 0 0 0 0 0 0 0 0 0 0 0 0 0 0 0 0 0 0 0 0 0 0 0 0 0 0 0 0 0 0 0 0 0 0 0 0 0 0 0 0 0 77 68 79 32 101 120 116 114 97 32 100 97 116 97 32 108 111 99 107 0 0 0 0 0 0 0 0 0 0 0 0 0 0 0 0 0 0 0 0 0 0 0 0 0 0 0 0 0 0 0 0 0 0 0 0 0 0 0 0 0 0 0 0 0 0 0 0 0 0 0 0 0 0 0 0 0 0 0 0 0 0 0 0 0 0 0 0 0 0 0 0 0 0 0 0 0 0 0 0 0 0 0 0 0 0 0 0 0 0 0 0 0 0 0 0 0 0 0 0 0 0 0 0 0 0 0 0 0 0 0 0 0 0 0 0 0 128 1 0 0 153 56 0 0 1 0 0 0 0 0 0 0 0 0 0 0 2 0 0 0 0 0 3 0 2 0 0 0 16 0 0 0 255 255 255 255 2 0 1 0 0 0 0 0 data 2 0x10002 0x713 oops 0
ciMethod java/util/WeakHashMap$HashIterator <init> (Ljava/util/WeakHashMap;)V 2049 1 5380 0 960
ciMethod java/util/WeakHashMap$HashIterator hasNext ()Z 3073 17849 2436 0 448
ciMethod java/util/WeakHashMap$HashIterator nextEntry ()Ljava/util/WeakHashMap$Entry; 2049 1 5377 0 192
ciMethodData java/lang/invoke/DirectMethodHandle internalMemberName (Ljava/lang/Object;)Ljava/lang/Object; 2 40076 orig 264 72 34 228 100 0 0 0 0 40 227 4 28 0 0 0 0 120 1 0 0 0 0 0 0 0 0 0 0 0 0 0 0 0 0 0 0 0 0 0 0 0 0 0 0 0 0 0 0 0 0 0 0 0 0 0 0 0 0 0 0 0 0 0 0 0 0 0 0 0 0 0 0 0 0 0 0 0 0 0 0 77 68 79 32 101 120 116 114 97 32 100 97 116 97 32 108 111 99 107 0 0 0 0 0 0 0 0 0 0 0 0 0 0 0 0 0 0 0 0 0 0 0 0 0 0 0 0 0 0 0 0 0 0 0 0 0 0 0 0 0 0 0 0 0 0 0 0 0 0 0 0 0 0 0 0 0 0 0 0 0 0 0 0 0 0 0 0 0 0 0 0 0 0 0 0 0 0 0 0 0 0 0 0 0 0 0 0 0 0 0 0 0 0 0 0 0 0 0 0 0 0 0 0 0 0 0 0 0 0 0 0 0 0 0 0 0 129 1 0 0 89 216 4 0 1 0 0 0 0 0 0 0 0 0 0 0 2 0 0 0 0 0 3 0 2 0 0 0 48 0 0 0 255 255 255 255 4 0 1 0 0 0 0 0 data 6 0x10004 0x0 0x1c9f1b40 0x1686 0x0 0x0 oops 1 2 java/lang/invoke/DirectMethodHandle
ciMethodData java/lang/invoke/LambdaForm$MH linkToTargetMethod (Ljava/lang/Object;Ljava/lang/Object;)Ljava/lang/Object; 2 24111 orig 264 72 34 228 100 0 0 0 0 176 149 73 28 0 0 0 0 0 2 0 0 0 0 0 0 0 0 0 0 0 0 0 0 0 0 0 0 0 0 0 0 0 0 0 0 0 0 0 0 0 0 0 0 0 0 0 0 0 0 0 0 0 0 0 0 0 0 0 0 0 0 0 0 0 0 0 0 0 0 0 0 77 68 79 32 101 120 116 114 97 32 100 97 116 97 32 108 111 99 107 0 0 0 0 0 0 0 0 0 0 0 0 0 0 0 0 0 0 0 0 0 0 0 0 0 0 0 0 0 0 0 0 0 0 0 0 0 0 0 0 0 0 0 0 0 0 0 0 0 0 0 0 0 0 0 0 0 0 0 0 0 0 0 0 0 0 0 0 0 0 0 0 0 0 0 0 0 0 0 0 0 0 0 0 0 0 0 0 0 0 0 0 0 0 0 0 0 0 0 0 0 0 0 0 0 0 0 0 0 0 0 0 0 0 0 0 0 0 1 0 0 121 233 2 0 1 0 0 0 0 0 0 0 0 0 0 0 2 0 0 0 0 0 3 0 2 0 0 0 128 0 0 0 208 0 0 0 4 0 1 0 0 0 0 0 data 16 0x10004 0x0 0x1c9f1b40 0xc93 0x0 0x0 0x5000b 0x509c 0x1c9f1b40 0xc93 0x0 0x0 0x3 0x1 0x2 0x2 oops 2 2 java/lang/invoke/DirectMethodHandle 8 java/lang/invoke/DirectMethodHandle
ciMethodData java/lang/invoke/LambdaForm$DMH invokeStatic_L_L (Ljava/lang/Object;Ljava/lang/Object;)Ljava/lang/Object; 2 24113 orig 264 72 34 228 100 0 0 0 0 248 65 72 28 0 0 0 0 32 2 0 0 96 0 0 0 0 0 0 0 0 0 0 0 0 0 0 0 0 0 0 0 0 0 0 0 0 0 0 0 0 0 0 0 0 0 0 0 0 0 0 0 0 0 0 0 0 0 0 0 0 0 0 0 0 0 0 0 0 0 0 0 77 68 79 32 101 120 116 114 97 32 100 97 116 97 32 108 111 99 107 0 0 0 0 0 0 0 0 0 0 0 0 0 0 0 0 0 0 0 0 0 0 0 0 0 0 0 0 0 0 0 0 0 0 0 0 0 0 0 0 0 0 0 0 0 0 0 0 0 0 0 0 0 0 0 0 0 0 0 0 0 0 0 0 0 0 0 0 0 0 0 0 0 0 0 0 0 0 0 0 0 0 0 0 0 0 0 0 0 0 0 0 0 0 0 0 0 0 0 0 0 0 0 0 0 0 0 0 0 0 0 0 0 0 0 0 0 0 1 0 0 137 233 2 0 1 0 0 0 0 0 0 0 0 0 0 0 2 0 0 0 0 0 3 0 2 0 0 0 160 0 0 0 240 0 0 0 10 0 1 0 0 0 0 0 data 20 0x1000a 0x5d31 0x3 0x0 0x1c9f1b40 0x1c9f1c60 0x70004 0x0 0x0 0x0 0x0 0x0 0xa000a 0x5d31 0x5 0x0 0x2 0x1 0x1c9f1c60 0x2 oops 0
ciMethod com/sun/javafx/logging/PulseLogger pulseStart ()V 0 0 1 0 -1
ciMethod com/sun/javafx/logging/PulseLogger pulseEnd ()V 0 0 1 0 -1
ciMethodData com/sun/javafx/tk/Toolkit getToolkit ()Lcom/sun/javafx/tk/Toolkit; 2 5389 orig 264 72 34 228 100 0 0 0 0 40 163 74 28 0 0 0 0 56 7 0 0 184 5 0 0 0 0 0 0 0 0 0 0 0 0 0 0 0 0 0 0 0 0 0 0 0 0 0 0 0 0 0 0 0 0 0 0 0 0 0 0 0 0 0 0 0 0 0 0 0 0 0 0 0 0 0 0 0 0 0 0 77 68 79 32 101 120 116 114 97 32 100 97 116 97 32 108 111 99 107 0 0 0 0 0 0 0 0 0 0 0 0 0 0 0 0 0 0 0 0 0 0 0 0 0 0 0 0 0 0 0 0 0 0 0 0 0 0 0 0 0 0 0 0 0 0 0 0 0 0 0 0 0 0 0 0 0 0 0 0 0 0 0 0 0 0 0 0 0 0 0 0 0 0 0 0 0 0 0 0 0 0 0 0 0 0 0 0 0 0 0 0 0 0 0 0 0 0 0 0 0 0 0 0 0 0 0 0 0 0 0 0 0 0 0 0 0 9 1 0 0 33 160 0 0 1 0 0 0 0 0 0 0 0 0 0 0 2 0 0 0 1 0 78 0 2 0 0 0 248 5 0 0 255 255 255 255 7 0 3 0 0 0 0 0 data 191 0x30007 0x0 0x20 0x1404 0xa000a 0x0 0x1 0x0 0xf0002 0x0 0x120004 0x0 0x0 0x0 0x0 0x0 0x150005 0x0 0x0 0x0 0x0 0x0 0x190002 0x0 0x1c0007 0x0 0x50 0x0 0x20000a 0x0 0x1 0x0 0x250002 0x0 0x29000a 0x0 0x1 0x0 0x2e0002 0x0 0x380002 0x0 0x3c0003 0x0 0x18 0x410007 0x0 0x20 0x0 0x490007 0x0 0x30 0x0 0x4e0002 0x0 0x550005 0x0 0x0 0x0 0x0 0x0 0x590007 0x0 0x30 0x0 0x5d0002 0x0 0x620007 0x0 0x90 0x0 0x660007 0x0 0x88 0x0 0x6c0005 0x0 0x0 0x0 0x0 0x0 0x6f0007 0x0 0x38 0x0 0x730003 0x0 0x18 0x7c0005 0x0 0x0 0x0 0x0 0x0 0x7f0002 0x0 0x880005 0x0 0x0 0x0 0x0 0x0 0x8b0007 0x0 0xd0 0x0 0x960002 0x0 0x9b0005 0x0 0x0 0x0 0x0 0x0 0x9f0005 0x0 0x0 0x0 0x0 0x0 0xa20005 0x0 0x0 0x0 0x0 0x0 0xa50002 0x0 0xab0005 0x0 0x0 0x0 0x0 0x0 0xae0004 0x0 0x0 0x0 0x0 0x0 0xb70005 0x0 0x0 0x0 0x0 0x0 0xba0007 0x0 0x110 0x0 0xbe0007 0x0 0xf0 0x0 0xc80002 0x0 0xcd0005 0x0 0x0 0x0 0x0 0x0 0xd10005 0x0 0x0 0x0 0x0 0x0 0xd40005 0x0 0x0 0x0 0x0 0x0 0xd70005 0x0 0x0 0x0 0x0 0x0 0xe20003 0x0 0x48 0xed0005 0x0 0x0 0x0 0x0 0x0 0xf60002 0x0 oops 0
ciMethodData java/lang/Float isNaN (F)Z 2 25579 orig 264 72 34 228 100 0 0 0 0 24 107 9 28 0 0 0 0 88 1 0 0 0 0 0 0 0 0 0 0 0 0 0 0 0 0 0 0 0 0 0 0 0 0 0 0 0 0 0 0 0 0 0 0 0 0 0 0 0 0 0 0 0 0 0 0 0 0 0 0 0 0 0 0 0 0 0 0 0 0 0 0 77 68 79 32 101 120 116 114 97 32 100 97 116 97 32 108 111 99 107 0 0 0 0 0 0 0 0 0 0 0 0 0 0 0 0 0 0 0 0 0 0 0 0 0 0 0 0 0 0 0 0 0 0 0 0 0 0 0 0 0 0 0 0 0 0 0 0 0 0 0 0 0 0 0 0 0 0 0 0 0 0 0 0 0 0 0 0 0 0 0 0 0 0 0 0 0 0 0 0 0 0 0 0 0 0 0 0 0 0 0 0 0 0 0 0 0 0 0 0 0 0 0 0 0 0 0 0 0 0 0 0 0 0 0 0 0 129 1 0 0 81 19 3 0 1 0 0 0 0 0 0 0 0 0 0 0 2 0 0 0 0 0 6 0 2 0 0 0 56 0 0 0 255 255 255 255 7 0 3 0 0 0 0 0 data 7 0x30007 0x6047 0x38 0x223 0x70003 0x223 0x18 oops 0
ciMethod java/util/WeakHashMap$EntrySet <init> (Ljava/util/WeakHashMap;)V 1249 1 10283 0 0
ciMethod java/util/WeakHashMap$EntrySet iterator ()Ljava/util/Iterator; 2049 1 6403 0 192
ciMethod java/util/WeakHashMap$EntrySet <init> (Ljava/util/WeakHashMap;Ljava/util/WeakHashMap$1;)V 1249 1 10283 0 0
ciMethod java/util/WeakHashMap$EntryIterator <init> (Ljava/util/WeakHashMap;)V 2049 1 6528 0 960
ciMethod java/util/WeakHashMap$EntryIterator next ()Ljava/util/Map$Entry; 2057 1 5380 0 0
ciMethod java/util/WeakHashMap$EntryIterator next ()Ljava/lang/Object; 2057 1 5380 0 192
ciMethod java/util/WeakHashMap$EntryIterator <init> (Ljava/util/WeakHashMap;Ljava/util/WeakHashMap$1;)V 2049 1 6529 0 960
ciMethodData java/lang/ref/ReferenceQueue <init> ()V 2 8997 orig 264 72 34 228 100 0 0 0 0 192 134 13 28 0 0 0 0 64 1 0 0 0 0 0 0 0 0 0 0 0 0 0 0 0 0 0 0 0 0 0 0 0 0 0 0 0 0 0 0 0 0 0 0 0 0 0 0 0 0 0 0 0 0 0 0 0 0 0 0 0 0 0 0 0 0 0 0 0 0 0 0 77 68 79 32 101 120 116 114 97 32 100 97 116 97 32 108 111 99 107 0 0 0 0 0 0 0 0 0 0 0 0 0 0 0 0 0 0 0 0 0 0 0 0 0 0 0 0 0 0 0 0 0 0 0 0 0 0 0 0 0 0 0 0 0 0 0 0 0 0 0 0 0 0 0 0 0 0 0 0 0 0 0 0 0 0 0 0 0 0 0 0 0 0 0 0 0 0 0 0 0 0 0 0 0 0 0 0 0 0 0 0 0 0 0 0 0 0 0 0 0 0 0 0 0 0 0 0 0 0 0 0 0 0 0 0 0 0 2 0 0 41 9 1 0 1 0 0 0 0 0 0 0 0 0 0 0 2 0 0 0 0 0 3 0 2 0 0 0 32 0 0 0 255 255 255 255 2 0 1 0 0 0 0 0 data 4 0x10002 0x2125 0xa0002 0x2125 oops 0
ciMethodData java/lang/ref/ReferenceQueue$Lock <init> (Ljava/lang/ref/ReferenceQueue$1;)V 2 9676 orig 264 72 34 228 100 0 0 0 0 240 148 13 28 0 0 0 0 56 1 0 0 0 0 0 0 0 0 0 0 0 0 0 0 0 0 0 0 0 0 0 0 0 0 0 0 0 0 0 0 0 0 0 0 0 0 0 0 0 0 0 0 0 0 0 0 0 0 0 0 0 0 0 0 0 0 0 0 0 0 0 0 77 68 79 32 101 120 116 114 97 32 100 97 116 97 32 108 111 99 107 0 0 0 0 0 0 0 0 0 0 0 0 0 0 0 0 0 0 0 0 0 0 0 0 0 0 0 0 0 0 0 0 0 0 0 0 0 0 0 0 0 0 0 0 0 0 0 0 0 0 0 0 0 0 0 0 0 0 0 0 0 0 0 0 0 0 0 0 0 0 0 0 0 0 0 0 0 0 0 0 0 0 0 0 0 1 0 0 0 0 0 0 0 2 0 0 0 0 0 0 0 3 0 0 0 0 0 0 0 0 0 0 0 0 0 0 0 0 2 0 0 97 30 1 0 1 0 0 0 0 0 0 0 0 0 0 0 2 0 0 0 0 0 3 0 2 0 0 0 16 0 0 0 255 255 255 255 2 0 1 0 0 0 0 0 data 2 0x10002 0x23cc oops 0
ciMethodData java/lang/ref/ReferenceQueue$Lock <init> ()V 2 9676 orig 264 72 34 228 100 0 0 0 0 96 148 13 28 0 0 0 0 48 1 0 0 0 0 0 0 0 0 0 0 0 0 0 0 0 0 0 0 0 0 0 0 0 0 0 0 0 0 0 0 0 0 0 0 0 0 0 0 0 0 0 0 0 0 0 0 0 0 0 0 0 0 0 0 0 0 0 0 0 0 0 0 77 68 79 32 101 120 116 114 97 32 100 97 116 97 32 108 111 99 107 0 0 0 0 0 0 0 0 0 0 0 0 0 0 0 0 0 0 0 0 0 0 0 0 0 0 0 0 0 0 0 0 0 0 0 0 0 0 0 0 0 0 0 0 0 0 0 0 0 0 0 0 0 0 0 0 0 0 0 0 0 0 0 0 0 0 0 0 0 0 0 0 0 0 0 0 0 0 0 0 0 0 0 0 0 1 0 0 0 0 0 0 0 0 0 0 0 0 0 0 0 1 0 0 0 0 0 0 0 0 0 0 0 0 0 0 0 0 2 0 0 97 30 1 0 1 0 0 0 0 0 0 0 0 0 0 0 2 0 0 0 0 0 3 0 2 0 0 0 16 0 0 0 255 255 255 255 2 0 1 0 0 0 0 0 data 2 0x10002 0x23cc oops 0
ciMethod com/sun/scenario/animation/AnimationPulse getDefaultBean ()Lcom/sun/scenario/animation/AnimationPulse; 2065 1 7949 0 0
ciMethod com/sun/scenario/animation/AnimationPulse getEnabled ()Z 1033 1 129 0 0
ciMethod com/sun/scenario/animation/AnimationPulse recordStart (J)V 3073 1 3427 0 0
ciMethod com/sun/scenario/animation/AnimationPulse purgeOldPulseData ()V 0 0 1 0 -1
ciMethod com/sun/scenario/animation/AnimationPulse updateMaxAndAv ()V 0 0 1 0 -1
ciMethod com/sun/scenario/animation/AnimationPulse recordEnd ()V 4097 1 3427 0 0
ciMethod com/sun/scenario/animation/AnimationPulse$AnimationPulseHolder access$000 ()Lcom/sun/scenario/animation/AnimationPulse; 2065 1 7949 0 0
ciMethod com/sun/scenario/animation/AnimationPulse$PulseData <init> (J)V 0 0 1 0 -1
ciMethod com/sun/scenario/animation/AnimationPulse$PulseData recordEnd ()V 0 0 1 0 -1
ciMethod com/sun/scenario/animation/AnimationPulse$PulseData getSkippedPulses ()J 0 0 1 0 -1
ciMethodData java/util/concurrent/atomic/AtomicBoolean get ()Z 2 37584 orig 264 72 34 228 100 0 0 0 0 88 63 29 28 0 0 0 0 88 1 0 0 0 0 0 0 0 0 0 0 0 0 0 0 0 0 0 0 0 0 0 0 0 0 0 0 0 0 0 0 0 0 0 0 0 0 0 0 0 0 0 0 0 0 0 0 0 0 0 0 0 0 0 0 0 0 0 0 0 0 0 0 77 68 79 32 101 120 116 114 97 32 100 97 116 97 32 108 111 99 107 0 0 0 0 0 0 0 0 0 0 0 0 0 0 0 0 0 0 0 0 0 0 0 0 0 0 0 0 0 0 0 0 0 0 0 0 0 0 0 0 0 0 0 0 0 0 0 0 0 0 0 0 0 0 0 0 0 0 0 0 0 0 0 0 0 0 0 0 0 0 0 0 0 0 0 0 0 0 0 0 0 0 0 0 0 0 0 0 0 0 0 0 0 0 0 0 0 0 0 0 0 0 0 0 0 0 0 0 0 0 0 0 0 0 0 0 0 131 1 0 0 105 138 4 0 1 0 0 0 0 0 0 0 0 0 0 0 2 0 0 0 0 0 6 0 2 0 0 0 56 0 0 0 255 255 255 255 7 0 4 0 0 0 0 0 data 7 0x40007 0x2567 0x38 0x6be6 0x80003 0x6be6 0x18 oops 0
ciMethodData java/util/WeakHashMap$HashIterator hasNext ()Z 2 16619 orig 264 72 34 228 100 0 0 0 0 216 220 124 28 0 0 0 0 72 2 0 0 232 0 0 0 0 0 0 0 0 0 0 0 0 0 0 0 0 0 0 0 0 0 0 0 0 0 0 0 0 0 0 0 0 0 0 0 0 0 0 0 0 0 0 0 0 0 0 0 0 0 0 0 0 0 0 0 0 0 0 0 77 68 79 32 101 120 116 114 97 32 100 97 116 97 32 108 111 99 107 0 0 0 0 0 0 0 0 0 0 0 0 0 0 0 0 0 0 0 0 0 0 0 0 0 0 0 0 0 0 0 0 0 0 0 0 0 0 0 0 0 0 0 0 0 0 0 0 0 0 0 0 0 0 0 0 0 0 0 0 0 0 0 0 0 0 0 0 0 0 0 0 0 0 0 0 0 0 0 0 0 0 0 0 0 0 0 0 0 0 0 0 0 0 0 0 0 0 0 0 0 0 0 0 0 0 0 0 0 0 0 0 0 0 0 0 0 183 8 0 0 33 64 0 0 161 193 1 0 0 0 0 0 0 0 0 0 2 0 0 0 2 0 17 0 2 0 0 0 0 1 0 0 255 255 255 255 7 0 12 0 0 0 0 0 data 32 0xc0007 0x3eb 0x100 0x804 0x1a0007 0x3eb 0x58 0x3862 0x1e0007 0x419 0x38 0x3449 0x280003 0x3449 0xffffffffffffffc0 0x360007 0x3eb 0x20 0x419 0x420005 0x0 0x2c900370 0x3eb 0x0 0x0 0x4c0007 0x3eb 0x20 0x0 0x5a0003 0x3eb 0xffffffffffffff18 oops 1 21 java/util/WeakHashMap$Entry
ciMethodData java/util/WeakHashMap$HashIterator nextEntry ()Ljava/util/WeakHashMap$Entry; 2 5377 orig 264 72 34 228 100 0 0 0 0 184 221 124 28 0 0 0 0 248 1 0 0 32 0 0 0 0 0 0 0 0 0 0 0 0 0 0 0 0 0 0 0 0 0 0 0 0 0 0 0 0 0 0 0 0 0 0 0 0 0 0 0 0 0 0 0 0 0 0 0 0 0 0 0 0 0 0 0 0 0 0 0 77 68 79 32 101 120 116 114 97 32 100 97 116 97 32 108 111 99 107 0 0 0 0 0 0 0 0 0 0 0 0 0 0 0 0 0 0 0 0 0 0 0 0 0 0 0 0 0 0 0 0 0 0 0 0 0 0 0 0 0 0 0 0 0 0 0 0 0 0 0 0 0 0 0 0 0 0 0 0 0 0 0 0 0 0 0 0 0 0 0 0 0 0 0 0 0 0 0 0 0 0 0 0 0 0 0 0 0 0 0 0 0 0 0 0 0 0 0 0 0 0 0 0 0 0 0 0 0 0 0 0 0 0 0 0 0 0 1 0 0 9 160 0 0 1 0 0 0 0 0 0 0 0 0 0 0 2 0 0 0 0 0 10 0 2 0 0 0 176 0 0 0 255 255 255 255 7 0 11 0 0 0 0 0 data 22 0xb0007 0x1401 0x30 0x0 0x120002 0x0 0x1a0007 0x1401 0x80 0x0 0x1e0005 0x0 0x0 0x0 0x0 0x0 0x210007 0x0 0x30 0x0 0x280002 0x0 oops 0
ciMethodData java/util/concurrent/atomic/AtomicBoolean set (Z)V 2 14757 orig 264 72 34 228 100 0 0 0 0 80 65 29 28 0 0 0 0 96 1 0 0 0 0 0 0 0 0 0 0 0 0 0 0 0 0 0 0 0 0 0 0 0 0 0 0 0 0 0 0 0 0 0 0 0 0 0 0 0 0 0 0 0 0 0 0 0 0 0 0 0 0 0 0 0 0 0 0 0 0 0 0 77 68 79 32 101 120 116 114 97 32 100 97 116 97 32 108 111 99 107 0 0 0 0 0 0 0 0 0 0 0 0 0 0 0 0 0 0 0 0 0 0 0 0 0 0 0 0 0 0 0 0 0 0 0 0 0 0 0 0 0 0 0 0 0 0 0 0 0 0 0 0 0 0 0 0 0 0 0 0 0 0 0 0 0 0 0 0 0 0 0 0 0 0 0 0 0 0 0 0 0 0 0 0 0 1 0 0 0 0 0 0 0 0 0 0 0 0 0 0 0 1 0 0 0 0 0 0 0 0 0 0 0 0 0 0 0 0 2 0 0 41 189 1 0 1 0 0 0 0 0 0 0 0 0 0 0 2 0 0 0 0 0 6 0 2 0 0 0 56 0 0 0 255 255 255 255 7 0 2 0 0 0 0 0 data 7 0x20007 0x278f 0x38 0x1016 0x60003 0x1016 0x18 oops 0
ciMethodData java/util/WeakHashMap isEmpty ()Z 2 5381 orig 264 72 34 228 100 0 0 0 0 8 129 16 28 0 0 0 0 176 1 0 0 0 0 0 0 0 0 0 0 0 0 0 0 0 0 0 0 0 0 0 0 0 0 0 0 0 0 0 0 0 0 0 0 0 0 0 0 0 0 0 0 0 0 0 0 0 0 0 0 0 0 0 0 0 0 0 0 0 0 0 0 77 68 79 32 101 120 116 114 97 32 100 97 116 97 32 108 111 99 107 0 0 0 0 0 0 0 0 0 0 0 0 0 0 0 0 0 0 0 0 0 0 0 0 0 0 0 0 0 0 0 0 0 0 0 0 0 0 0 0 0 0 0 0 0 0 0 0 0 0 0 0 0 0 0 0 0 0 0 0 0 0 0 0 0 0 0 0 0 0 0 0 0 0 0 0 0 0 0 0 0 0 0 0 0 0 0 0 0 0 0 0 0 0 0 0 0 0 0 0 0 0 0 0 0 0 0 0 0 0 0 0 0 0 0 0 0 1 1 0 0 33 160 0 0 1 0 0 0 0 0 0 0 0 0 0 0 2 0 0 0 0 0 9 0 2 0 0 0 104 0 0 0 255 255 255 255 5 0 1 0 0 0 0 0 data 13 0x10005 0x0 0x2c8fb440 0x1404 0x0 0x0 0x40007 0x1001 0x38 0x403 0x80003 0x403 0x18 oops 1 2 java/util/WeakHashMap
ciMethodData java/util/WeakHashMap$HashIterator <init> (Ljava/util/WeakHashMap;)V 2 5380 orig 264 72 34 228 100 0 0 0 0 240 219 124 28 0 0 0 0 200 1 0 0 0 0 0 0 0 0 0 0 0 0 0 0 0 0 0 0 0 0 0 0 0 0 0 0 0 0 0 0 0 0 0 0 0 0 0 0 0 0 0 0 0 0 0 0 0 0 0 0 0 0 0 0 0 0 0 0 0 0 0 0 77 68 79 32 101 120 116 114 97 32 100 97 116 97 32 108 111 99 107 0 0 0 0 0 0 0 0 0 0 0 0 0 0 0 0 0 0 0 0 0 0 0 0 0 0 0 0 0 0 0 0 0 0 0 0 0 0 0 0 0 0 0 0 0 0 0 0 0 0 0 0 0 0 0 0 0 0 0 0 0 0 0 0 0 0 0 0 0 0 0 0 0 0 0 0 0 0 0 0 0 0 0 0 0 17 0 0 0 0 0 0 0 0 0 0 0 0 0 0 0 1 0 0 0 0 0 0 0 0 0 0 0 0 0 0 0 0 1 0 0 33 160 0 0 1 0 0 0 0 0 0 0 0 0 0 0 2 0 0 0 0 0 13 0 2 0 0 0 120 0 0 0 255 255 255 255 2 0 6 0 0 0 0 0 data 15 0x60002 0x1404 0x160005 0x0 0x2c8fb440 0x1404 0x0 0x0 0x190007 0x1001 0x38 0x403 0x1d0003 0x403 0x18 oops 1 4 java/util/WeakHashMap
ciMethodData java/util/WeakHashMap entrySet ()Ljava/util/Set; 2 12434 orig 264 72 34 228 100 0 0 0 0 208 141 16 28 0 0 0 0 104 1 0 0 32 0 0 0 0 0 0 0 0 0 0 0 0 0 0 0 0 0 0 0 0 0 0 0 0 0 0 0 0 0 0 0 0 0 0 0 0 0 0 0 0 0 0 0 0 0 0 0 0 0 0 0 0 0 0 0 0 0 0 0 77 68 79 32 101 120 116 114 97 32 100 97 116 97 32 108 111 99 107 0 0 0 0 0 0 0 0 0 0 0 0 0 0 0 0 0 0 0 0 0 0 0 0 0 0 0 0 0 0 0 0 0 0 0 0 0 0 0 0 0 0 0 0 0 0 0 0 0 0 0 0 0 0 0 0 0 0 0 0 0 0 0 0 0 0 0 0 0 0 0 0 0 0 0 0 0 0 0 0 0 0 0 0 0 0 0 0 0 0 0 0 0 0 0 0 0 0 0 0 0 0 0 0 0 0 0 0 0 0 0 0 0 0 0 0 0 0 1 0 0 145 124 1 0 1 0 0 0 0 0 0 0 0 0 0 0 2 0 0 0 0 0 6 0 2 0 0 0 72 0 0 0 255 255 255 255 7 0 6 0 0 0 0 0 data 9 0x60007 0x278f 0x38 0x803 0xa0003 0x803 0x28 0x140002 0x278f oops 0
ciMethodData java/util/WeakHashMap$EntrySet <init> (Ljava/util/WeakHashMap;Ljava/util/WeakHashMap$1;)V 2 10283 orig 264 72 34 228 100 0 0 0 0 0 47 27 41 0 0 0 0 64 1 0 0 0 0 0 0 0 0 0 0 0 0 0 0 0 0 0 0 0 0 0 0 0 0 0 0 0 0 0 0 0 0 0 0 0 0 0 0 0 0 0 0 0 0 0 0 0 0 0 0 0 0 0 0 0 0 0 0 0 0 0 0 77 68 79 32 101 120 116 114 97 32 100 97 116 97 32 108 111 99 107 0 0 0 0 0 0 0 0 0 0 0 0 0 0 0 0 0 0 0 0 0 0 0 0 0 0 0 0 0 0 0 0 0 0 0 0 0 0 0 0 0 0 0 0 0 0 0 0 0 0 0 0 0 0 0 0 0 0 0 0 0 0 0 0 0 0 0 0 0 0 0 0 0 0 0 0 0 0 0 0 0 0 0 0 0 1 0 0 0 0 0 0 0 4 0 0 0 0 0 0 0 5 0 0 0 0 0 0 0 0 0 0 0 0 0 0 0 156 0 0 0 121 60 1 0 1 0 0 0 0 0 0 0 0 0 0 0 2 0 0 0 0 0 0 0 0 0 0 0 16 0 0 0 255 255 255 255 2 0 2 0 0 0 0 0 data 2 0x20002 0x278f oops 0
ciMethodData java/util/WeakHashMap$EntrySet <init> (Ljava/util/WeakHashMap;)V 2 10283 orig 264 72 34 228 100 0 0 0 0 208 40 27 41 0 0 0 0 56 1 0 0 0 0 0 0 0 0 0 0 0 0 0 0 0 0 0 0 0 0 0 0 0 0 0 0 0 0 0 0 0 0 0 0 0 0 0 0 0 0 0 0 0 0 0 0 0 0 0 0 0 0 0 0 0 0 0 0 0 0 0 0 77 68 79 32 101 120 116 114 97 32 100 97 116 97 32 108 111 99 107 0 0 0 0 0 0 0 0 0 0 0 0 0 0 0 0 0 0 0 0 0 0 0 0 0 0 0 0 0 0 0 0 0 0 0 0 0 0 0 0 0 0 0 0 0 0 0 0 0 0 0 0 0 0 0 0 0 0 0 0 0 0 0 0 0 0 0 0 0 0 0 0 0 0 0 0 0 0 0 0 0 0 0 0 0 1 0 0 0 0 0 0 0 0 0 0 0 0 0 0 0 1 0 0 0 0 0 0 0 0 0 0 0 0 0 0 0 156 0 0 0 121 60 1 0 1 0 0 0 0 0 0 0 0 0 0 0 2 0 0 0 0 0 0 0 0 0 0 0 16 0 0 0 255 255 255 255 2 0 6 0 0 0 0 0 data 2 0x60002 0x278f oops 0
ciMethodData java/util/WeakHashMap$EntrySet iterator ()Ljava/util/Iterator; 2 6403 orig 264 72 34 228 100 0 0 0 0 104 41 27 41 0 0 0 0 48 1 0 0 0 0 0 0 0 0 0 0 0 0 0 0 0 0 0 0 0 0 0 0 0 0 0 0 0 0 0 0 0 0 0 0 0 0 0 0 0 0 0 0 0 0 0 0 0 0 0 0 0 0 0 0 0 0 0 0 0 0 0 0 77 68 79 32 101 120 116 114 97 32 100 97 116 97 32 108 111 99 107 0 0 0 0 0 0 0 0 0 0 0 0 0 0 0 0 0 0 0 0 0 0 0 0 0 0 0 0 0 0 0 0 0 0 0 0 0 0 0 0 0 0 0 0 0 0 0 0 0 0 0 0 0 0 0 0 0 0 0 0 0 0 0 0 0 0 0 0 0 0 0 0 0 0 0 0 0 0 0 0 0 0 0 0 0 0 0 0 0 0 0 0 0 0 0 0 0 0 0 0 0 0 0 0 0 0 0 0 0 0 0 0 0 0 0 0 0 0 1 0 0 25 192 0 0 1 0 0 0 0 0 0 0 0 0 0 0 2 0 0 0 0 0 3 0 2 0 0 0 16 0 0 0 255 255 255 255 2 0 9 0 0 0 0 0 data 2 0x90002 0x1803 oops 0
ciMethodData java/util/WeakHashMap$EntryIterator <init> (Ljava/util/WeakHashMap;Ljava/util/WeakHashMap$1;)V 2 6529 orig 264 72 34 228 100 0 0 0 0 248 54 27 41 0 0 0 0 64 1 0 0 0 0 0 0 0 0 0 0 0 0 0 0 0 0 0 0 0 0 0 0 0 0 0 0 0 0 0 0 0 0 0 0 0 0 0 0 0 0 0 0 0 0 0 0 0 0 0 0 0 0 0 0 0 0 0 0 0 0 0 0 77 68 79 32 101 120 116 114 97 32 100 97 116 97 32 108 111 99 107 0 0 0 0 0 0 0 0 0 0 0 0 0 0 0 0 0 0 0 0 0 0 0 0 0 0 0 0 0 0 0 0 0 0 0 0 0 0 0 0 0 0 0 0 0 0 0 0 0 0 0 0 0 0 0 0 0 0 0 0 0 0 0 0 0 0 0 0 0 0 0 0 0 0 0 0 0 0 0 0 0 0 0 0 0 17 0 0 0 0 0 0 0 4 0 0 0 0 0 0 0 5 0 0 0 0 0 0 0 0 0 0 0 0 0 0 0 0 1 0 0 9 196 0 0 1 0 0 0 0 0 0 0 0 0 0 0 2 0 0 0 0 0 0 0 0 0 0 0 16 0 0 0 255 255 255 255 2 0 2 0 0 0 0 0 data 2 0x20002 0x1881 oops 0
ciMethodData com/sun/javafx/tk/Toolkit isFxUserThread ()Z 2 7619 orig 264 72 34 228 100 0 0 0 0 48 166 74 28 0 0 0 0 144 1 0 0 0 0 0 0 0 0 0 0 0 0 0 0 0 0 0 0 0 0 0 0 0 0 0 0 0 0 0 0 0 0 0 0 0 0 0 0 0 0 0 0 0 0 0 0 0 0 0 0 0 0 0 0 0 0 0 0 0 0 0 0 77 68 79 32 101 120 116 114 97 32 100 97 116 97 32 108 111 99 107 0 0 0 0 0 0 0 0 0 0 0 0 0 0 0 0 0 0 0 0 0 0 0 0 0 0 0 0 0 0 0 0 0 0 0 0 0 0 0 0 0 0 0 0 0 0 0 0 0 0 0 0 0 0 0 0 0 0 0 0 0 0 0 0 0 0 0 0 0 0 0 0 0 0 0 0 0 0 0 0 0 0 0 0 0 0 0 0 0 0 0 0 0 0 0 0 0 0 0 0 0 0 0 0 0 0 0 0 0 0 0 0 0 0 0 0 0 58 1 0 0 73 228 0 0 1 0 0 0 0 0 0 0 0 0 0 0 2 0 0 0 0 0 6 0 2 0 0 0 72 0 0 0 255 255 255 255 2 0 0 0 0 0 0 0 data 9 0x2 0x1c89 0x60007 0x0 0x38 0x1c89 0xa0003 0x1c89 0x18 oops 0
ciMethodData java/util/WeakHashMap$EntryIterator <init> (Ljava/util/WeakHashMap;)V 2 6528 orig 264 72 34 228 100 0 0 0 0 72 53 27 41 0 0 0 0 56 1 0 0 0 0 0 0 0 0 0 0 0 0 0 0 0 0 0 0 0 0 0 0 0 0 0 0 0 0 0 0 0 0 0 0 0 0 0 0 0 0 0 0 0 0 0 0 0 0 0 0 0 0 0 0 0 0 0 0 0 0 0 0 77 68 79 32 101 120 116 114 97 32 100 97 116 97 32 108 111 99 107 0 0 0 0 0 0 0 0 0 0 0 0 0 0 0 0 0 0 0 0 0 0 0 0 0 0 0 0 0 0 0 0 0 0 0 0 0 0 0 0 0 0 0 0 0 0 0 0 0 0 0 0 0 0 0 0 0 0 0 0 0 0 0 0 0 0 0 0 0 0 0 0 0 0 0 0 0 0 0 0 0 0 0 0 0 17 0 0 0 0 0 0 0 0 0 0 0 0 0 0 0 1 0 0 0 0 0 0 0 0 0 0 0 0 0 0 0 0 1 0 0 1 196 0 0 1 0 0 0 0 0 0 0 0 0 0 0 2 0 0 0 0 0 0 0 0 0 0 0 16 0 0 0 255 255 255 255 2 0 7 0 0 0 0 0 data 2 0x70002 0x1880 oops 0
ciMethodData java/util/WeakHashMap$EntryIterator next ()Ljava/lang/Object; 2 5380 orig 264 72 34 228 100 0 0 0 0 104 54 27 41 0 0 0 0 120 1 0 0 0 0 0 0 0 0 0 0 0 0 0 0 0 0 0 0 0 0 0 0 0 0 0 0 0 0 0 0 0 0 0 0 0 0 0 0 0 0 0 0 0 0 0 0 0 0 0 0 0 0 0 0 0 0 0 0 0 0 0 0 77 68 79 32 101 120 116 114 97 32 100 97 116 97 32 108 111 99 107 0 0 0 0 0 0 0 0 0 0 0 0 0 0 0 0 0 0 0 0 0 0 0 0 0 0 0 0 0 0 0 0 0 0 0 0 0 0 0 0 0 0 0 0 0 0 0 0 0 0 0 0 0 0 0 0 0 0 0 0 0 0 0 0 0 0 0 0 0 0 0 0 0 0 0 0 0 0 0 0 0 0 0 0 0 0 0 0 0 0 0 0 0 0 0 0 0 0 0 0 0 0 0 0 0 0 0 0 0 0 0 0 0 0 0 0 0 1 1 0 0 25 160 0 0 1 0 0 0 0 0 0 0 0 0 0 0 2 0 0 0 0 0 3 0 2 0 0 0 48 0 0 0 255 255 255 255 5 0 1 0 0 0 0 0 data 6 0x10005 0x0 0x2c9002c0 0x1403 0x0 0x0 oops 1 2 java/util/WeakHashMap$EntryIterator
ciMethodData java/util/WeakHashMap$EntryIterator next ()Ljava/util/Map$Entry; 2 5380 orig 264 72 34 228 100 0 0 0 0 216 53 27 41 0 0 0 0 120 1 0 0 0 0 0 0 0 0 0 0 0 0 0 0 0 0 0 0 0 0 0 0 0 0 0 0 0 0 0 0 0 0 0 0 0 0 0 0 0 0 0 0 0 0 0 0 0 0 0 0 0 0 0 0 0 0 0 0 0 0 0 0 77 68 79 32 101 120 116 114 97 32 100 97 116 97 32 108 111 99 107 0 0 0 0 0 0 0 0 0 0 0 0 0 0 0 0 0 0 0 0 0 0 0 0 0 0 0 0 0 0 0 0 0 0 0 0 0 0 0 0 0 0 0 0 0 0 0 0 0 0 0 0 0 0 0 0 0 0 0 0 0 0 0 0 0 0 0 0 0 0 0 0 0 0 0 0 0 0 0 0 0 0 0 0 0 0 0 0 0 0 0 0 0 0 0 0 0 0 0 0 0 0 0 0 0 0 0 0 0 0 0 0 0 0 0 0 0 1 1 0 0 25 160 0 0 1 0 0 0 0 0 0 0 0 0 0 0 2 0 0 0 0 0 3 0 2 0 0 0 48 0 0 0 255 255 255 255 5 0 1 0 0 0 0 0 data 6 0x10005 0x0 0x2c9002c0 0x1403 0x0 0x0 oops 1 2 java/util/WeakHashMap$EntryIterator
ciMethodData java/util/WeakHashMap newTable (I)[Ljava/util/WeakHashMap$Entry; 2 3335 orig 264 72 34 228 100 0 0 0 0 40 120 16 28 0 0 0 0 128 1 0 0 0 0 0 0 0 0 0 0 0 0 0 0 0 0 0 0 0 0 0 0 0 0 0 0 0 0 0 0 0 0 0 0 0 0 0 0 0 0 0 0 0 0 0 0 0 0 0 0 0 0 0 0 0 0 0 0 0 0 0 0 77 68 79 32 101 120 116 114 97 32 100 97 116 97 32 108 111 99 107 0 0 0 0 0 0 0 0 0 0 0 0 0 0 0 0 0 0 0 0 0 0 0 0 0 0 0 0 0 0 0 0 0 0 0 0 0 0 0 0 0 0 0 0 0 0 0 0 0 0 0 0 0 0 0 0 0 0 0 0 0 0 0 0 0 0 0 0 0 0 0 0 0 0 0 0 0 0 0 0 0 0 0 0 0 0 0 0 0 0 0 0 0 0 0 0 0 0 0 0 0 0 0 0 0 0 0 0 0 0 0 0 0 0 0 0 0 2 1 0 0 41 96 0 0 1 0 0 0 0 0 0 0 0 0 0 0 2 0 0 0 0 0 3 0 2 0 0 0 48 0 0 0 255 255 255 255 4 0 4 0 0 0 0 0 data 6 0x40004 0x0 0x0 0x0 0x0 0x0 oops 0
ciMethodData java/util/WeakHashMap <init> (IF)V 2 13316 orig 264 72 34 228 100 0 0 0 0 56 121 16 28 0 0 0 0 176 3 0 0 0 2 0 0 0 0 0 0 0 0 0 0 0 0 0 0 0 0 0 0 0 0 0 0 0 0 0 0 0 0 0 0 0 0 0 0 0 0 0 0 0 0 0 0 0 0 0 0 0 0 0 0 0 0 0 0 0 0 0 0 77 68 79 32 101 120 116 114 97 32 100 97 116 97 32 108 111 99 107 0 0 0 0 0 0 0 0 0 0 0 0 0 0 0 0 0 0 0 0 0 0 0 0 0 0 0 0 0 0 0 0 0 0 0 0 0 0 0 0 0 0 0 0 0 0 0 0 0 0 0 0 0 0 0 0 0 0 0 0 0 0 0 0 0 0 0 0 0 0 0 0 0 0 0 0 0 0 0 0 0 0 0 0 0 0 0 0 0 0 0 0 0 0 0 0 0 0 0 0 0 0 0 0 0 0 0 0 0 0 0 0 0 0 0 0 0 4 4 0 0 1 96 0 0 1 128 1 0 0 0 0 0 0 0 0 0 2 0 0 0 1 0 20 0 2 0 0 0 88 2 0 0 255 255 255 255 2 0 1 0 0 0 0 0 data 75 0x10002 0xc00 0x90002 0xc00 0x100007 0xc00 0xd0 0x0 0x1b0002 0x0 0x200005 0x0 0x0 0x0 0x0 0x0 0x240005 0x0 0x0 0x0 0x0 0x0 0x270005 0x0 0x0 0x0 0x0 0x0 0x2a0002 0x0 0x310007 0xc00 0x20 0x0 0x3a0007 0x0 0x50 0xc00 0x3e0002 0xc00 0x410007 0xc00 0xd0 0x0 0x4c0002 0x0 0x510005 0x0 0x0 0x0 0x0 0x0 0x550005 0x0 0x0 0x0 0x0 0x0 0x580005 0x0 0x0 0x0 0x0 0x0 0x5b0002 0x0 0x630007 0xc00 0x38 0x3000 0x6a0003 0x3000 0xffffffffffffffe0 0x700002 0xc00 oops 0
ciMethodData java/util/WeakHashMap <init> ()V 2 10322 orig 264 72 34 228 100 0 0 0 0 96 122 16 28 0 0 0 0 48 1 0 0 0 0 0 0 0 0 0 0 0 0 0 0 0 0 0 0 0 0 0 0 0 0 0 0 0 0 0 0 0 0 0 0 0 0 0 0 0 0 0 0 0 0 0 0 0 0 0 0 0 0 0 0 0 0 0 0 0 0 0 0 77 68 79 32 101 120 116 114 97 32 100 97 116 97 32 108 111 99 107 0 0 0 0 0 0 0 0 0 0 0 0 0 0 0 0 0 0 0 0 0 0 0 0 0 0 0 0 0 0 0 0 0 0 0 0 0 0 0 0 0 0 0 0 0 0 0 0 0 0 0 0 0 0 0 0 0 0 0 0 0 0 0 0 0 0 0 0 0 0 0 0 0 0 0 0 0 0 0 0 0 0 0 0 0 0 0 0 0 0 0 0 0 0 0 0 0 0 0 0 0 0 0 0 0 0 0 0 0 0 0 0 0 0 0 0 0 1 1 0 0 137 58 1 0 1 0 0 0 0 0 0 0 0 0 0 0 2 0 0 0 0 0 3 0 2 0 0 0 16 0 0 0 255 255 255 255 2 0 5 0 0 0 0 0 data 2 0x50002 0x2751 oops 0
ciMethodData com/sun/scenario/animation/AnimationPulse getDefaultBean ()Lcom/sun/scenario/animation/AnimationPulse; 2 7949 orig 264 72 34 228 100 0 0 0 0 56 247 28 41 0 0 0 0 80 1 0 0 0 0 0 0 0 0 0 0 0 0 0 0 0 0 0 0 0 0 0 0 0 0 0 0 0 0 0 0 0 0 0 0 0 0 0 0 0 0 0 0 0 0 0 0 0 0 0 0 0 0 0 0 0 0 0 0 0 0 0 0 77 68 79 32 101 120 116 114 97 32 100 97 116 97 32 108 111 99 107 0 0 0 0 0 0 0 0 0 0 0 0 0 0 0 0 0 0 0 0 0 0 0 0 0 0 0 0 0 0 0 0 0 0 0 0 0 0 0 0 0 0 0 0 0 0 0 0 0 0 0 0 0 0 0 0 0 0 0 0 0 0 0 0 0 0 0 0 0 0 0 0 0 0 0 0 0 0 0 0 0 0 0 0 0 0 0 0 0 0 0 0 0 0 0 0 0 0 0 0 0 0 0 0 0 0 0 0 0 0 0 0 0 0 0 0 0 2 1 0 0 89 240 0 0 1 0 0 0 0 0 0 0 0 0 0 0 2 0 0 0 0 0 3 0 2 0 0 0 16 0 0 0 255 255 255 255 2 0 0 0 0 0 0 0 data 2 0x2 0x1e0b oops 0
ciMethodData com/sun/scenario/animation/AnimationPulse$AnimationPulseHolder access$000 ()Lcom/sun/scenario/animation/AnimationPulse; 2 7949 orig 264 72 34 228 100 0 0 0 0 144 102 29 41 0 0 0 0 24 1 0 0 0 0 0 0 0 0 0 0 0 0 0 0 0 0 0 0 0 0 0 0 0 0 0 0 0 0 0 0 0 0 0 0 0 0 0 0 0 0 0 0 0 0 0 0 0 0 0 0 0 0 0 0 0 0 0 0 0 0 0 0 77 68 79 32 101 120 116 114 97 32 100 97 116 97 32 108 111 99 107 0 0 0 0 0 0 0 0 0 0 0 0 0 0 0 0 0 0 0 0 0 0 0 0 0 0 0 0 0 0 0 0 0 0 0 0 0 0 0 0 0 0 0 0 0 0 0 0 0 0 0 0 0 0 0 0 0 0 0 0 0 0 0 0 0 0 0 0 0 0 0 0 0 0 0 0 0 0 0 0 0 0 0 0 0 0 0 0 0 0 0 0 0 0 0 0 0 0 0 0 0 0 0 0 0 0 0 0 0 0 0 0 0 0 0 0 0 2 1 0 0 89 240 0 0 1 0 0 0 0 0 0 0 0 0 0 0 2 0 0 0 0 0 3 0 1 0 0 0 0 0 0 0 255 255 255 255 0 0 0 0 0 0 0 0 data 0 oops 0
ciMethodData com/sun/scenario/animation/AbstractMasterTimer nanos ()J 2 5389 orig 264 72 34 228 100 0 0 0 0 56 101 78 28 0 0 0 0 176 1 0 0 88 0 0 0 0 0 0 0 0 0 0 0 0 0 0 0 0 0 0 0 0 0 0 0 0 0 0 0 0 0 0 0 0 0 0 0 0 0 0 0 0 0 0 0 0 0 0 0 0 0 0 0 0 0 0 0 0 0 0 0 77 68 79 32 101 120 116 114 97 32 100 97 116 97 32 108 111 99 107 0 0 0 0 0 0 0 0 0 0 0 0 0 0 0 0 0 0 0 0 0 0 0 0 0 0 0 0 0 0 0 0 0 0 0 0 0 0 0 0 0 0 0 0 0 0 0 0 0 0 0 0 0 0 0 0 0 0 0 0 0 0 0 0 0 0 0 0 0 0 0 0 0 0 0 0 0 0 0 0 0 0 0 0 0 17 0 0 0 0 0 0 0 0 0 0 0 0 0 0 0 1 0 0 0 0 0 0 0 0 0 0 0 0 0 0 0 0 1 0 0 105 160 0 0 1 0 0 0 0 0 0 0 0 0 0 0 2 0 0 0 0 0 8 0 2 0 0 0 104 0 0 0 255 255 255 255 7 0 6 0 0 0 0 0 data 13 0x60007 0x140d 0x20 0x0 0x120007 0x140d 0x38 0x0 0x190003 0x0 0x28 0x1c0002 0x140d oops 0
ciMethodData com/sun/scenario/animation/AbstractMasterTimer$MainLoop updateAnimationRunnable ()V 2 3431 orig 264 72 34 228 100 0 0 0 0 32 23 100 28 0 0 0 0 72 2 0 0 184 0 0 0 0 0 0 0 0 0 0 0 0 0 0 0 0 0 0 0 0 0 0 0 0 0 0 0 0 0 0 0 0 0 0 0 0 0 0 0 0 0 0 0 0 0 0 0 0 0 0 0 0 0 0 0 0 0 0 0 77 68 79 32 101 120 116 114 97 32 100 97 116 97 32 108 111 99 107 0 0 0 0 0 0 0 0 0 0 0 0 0 0 0 0 0 0 0 0 0 0 0 0 0 0 0 0 0 0 0 0 0 0 0 0 0 0 0 0 0 0 0 0 0 0 0 0 0 0 0 0 0 0 0 0 0 0 0 0 0 0 0 0 0 0 0 0 0 0 0 0 0 0 0 0 0 0 0 0 0 0 0 0 0 0 0 0 0 0 0 0 0 0 0 0 0 0 0 0 0 0 0 0 0 0 0 0 0 0 0 0 0 0 0 0 0 0 1 0 0 57 99 0 0 1 0 0 0 0 0 0 0 0 0 0 0 2 0 0 0 0 0 15 0 2 0 0 0 0 1 0 0 255 255 255 255 2 0 4 0 0 0 0 0 data 32 0x40002 0xc67 0x70007 0xbc0 0x68 0xa7 0xe0002 0xa7 0x110007 0xa7 0x38 0x0 0x150003 0x0 0x18 0x1f0007 0xc67 0x88 0x0 0x2b0007 0x0 0x38 0x0 0x2f0003 0x0 0x18 0x390005 0x0 0x0 0x0 0x0 0x0 oops 0
ciMethodData com/sun/javafx/tk/quantum/QuantumToolkit pulse (Z)V 2 3427 orig 264 72 34 228 100 0 0 0 0 216 36 76 28 0 0 0 0 32 4 0 0 8 2 0 0 0 0 0 0 0 0 0 0 0 0 0 0 0 0 0 0 0 0 0 0 0 0 0 0 0 0 0 0 0 0 0 0 0 0 0 0 0 0 0 0 0 0 0 0 0 0 0 0 0 0 0 0 0 0 0 0 77 68 79 32 101 120 116 114 97 32 100 97 116 97 32 108 111 99 107 0 0 0 0 0 0 0 0 0 0 0 0 0 0 0 0 0 0 0 0 0 0 0 0 0 0 0 0 0 0 0 0 0 0 0 0 0 0 0 0 0 0 0 0 0 0 0 0 0 0 0 0 0 0 0 0 0 0 0 0 0 0 0 0 0 0 0 0 0 0 0 0 0 0 0 0 0 0 0 0 0 0 0 0 0 0 0 0 0 0 0 0 0 0 0 0 0 0 0 0 0 0 0 0 0 0 0 0 0 0 0 0 0 0 0 0 0 0 1 0 0 25 99 0 0 1 0 0 0 0 0 0 0 0 0 0 0 2 0 0 0 0 0 28 0 2 0 0 0 208 2 0 0 255 255 255 255 7 0 13 0 0 0 0 0 data 90 0xd0007 0xc63 0x30 0x0 0x100002 0x0 0x170005 0x0 0x2cd032a0 0xc63 0x0 0x0 0x1a0007 0xc63 0x60 0x0 0x280002 0x0 0x2e0007 0x0 0x30 0x0 0x310002 0x0 0x3a0005 0x0 0x2cd032a0 0xc63 0x0 0x0 0x410007 0x0 0x98 0xc63 0x490005 0x0 0x2cd032a0 0xc63 0x0 0x0 0x500005 0x0 0x2aefed30 0xc63 0x0 0x0 0x550003 0xc63 0x48 0x5d0005 0x0 0x0 0x0 0x0 0x0 0x610005 0x0 0x2ccc76c0 0xc63 0x0 0x0 0x650007 0x1 0x50 0xc61 0x6c0005 0x0 0x2aefdec0 0xc61 0x0 0x0 0x7a0002 0xc62 0x800007 0xc62 0x88 0x0 0x830002 0x0 0x860003 0x0 0x58 0x950002 0x0 0x9b0007 0x0 0x30 0x0 0x9e0002 0x0 oops 6 8 java/util/concurrent/atomic/AtomicBoolean 26 java/util/concurrent/atomic/AtomicBoolean 36 java/util/concurrent/atomic/AtomicBoolean 42 com/sun/scenario/animation/AbstractMasterTimer$MainLoop 57 com/sun/javafx/tk/quantum/QuantumToolkit 67 com/sun/javafx/tk/quantum/PaintCollector
ciMethodData com/sun/javafx/tk/Toolkit firePulse ()V 2 6969 orig 264 72 34 228 100 0 0 0 0 32 175 74 28 0 0 0 0 56 8 0 0 248 4 0 0 0 0 0 0 0 0 0 0 0 0 0 0 0 0 0 0 0 0 0 0 0 0 0 0 0 0 0 0 0 0 0 0 0 0 0 0 0 0 0 0 0 0 0 0 0 0 0 0 0 0 0 0 0 0 0 0 77 68 79 32 101 120 116 114 97 32 100 97 116 97 32 108 111 99 107 0 0 0 0 0 0 0 0 0 0 0 0 0 0 0 0 0 0 0 0 0 0 0 0 0 0 0 0 0 0 0 0 0 0 0 0 0 0 0 0 0 0 0 0 0 0 0 0 0 0 0 0 0 0 0 0 0 0 0 0 0 0 0 0 0 0 0 0 0 0 0 0 0 0 0 0 0 0 0 0 0 0 0 0 0 0 0 0 0 0 0 0 0 0 0 0 0 0 0 0 0 0 0 0 0 0 0 0 0 0 0 0 0 0 0 0 0 116 2 0 0 25 99 0 0 41 198 0 0 0 0 0 0 0 0 0 0 2 0 0 0 3 0 43 0 2 0 0 0 240 6 0 0 255 255 255 255 2 0 4 0 0 0 0 0 data 222 0x40002 0xc63 0xc0002 0xc63 0x140002 0xc63 0x220005 0x0 0x2c8fb440 0xc63 0x0 0x0 0x2c0005 0x0 0x2c8fb440 0xc63 0x0 0x0 0x360005 0x0 0x2c8fb440 0xc63 0x0 0x0 0x3e0003 0xc63 0x18 0x4a0005 0x0 0x2c8fb440 0xc63 0x0 0x0 0x4f0005 0x0 0x2c900210 0xc63 0x0 0x0 0x580005 0x0 0x2c9002c0 0x18c6 0x0 0x0 0x5d0007 0xc63 0x168 0xc63 0x620005 0x0 0x2c9002c0 0xc63 0x0 0x0 0x670004 0x0 0x2c900370 0xc63 0x0 0x0 0x6f0005 0x0 0x2c900370 0xc63 0x0 0x0 0x740004 0x0 0x2c900420 0xc63 0x0 0x0 0x790005 0x0 0x2c900370 0xc63 0x0 0x0 0x7e0004 0x0 0x2e799b0 0xc63 0x0 0x0 0x810002 0xc63 0x840003 0xc63 0xfffffffffffffe80 0x880005 0x0 0x2c8fb440 0xc63 0x0 0x0 0x8d0005 0x0 0x2c900210 0xc63 0x0 0x0 0x960005 0x0 0x2c9002c0 0x18c5 0x0 0x0 0x9b0007 0xc62 0x168 0xc63 0xa00005 0x0 0x2c9002c0 0xc63 0x0 0x0 0xa50004 0x0 0x2c900370 0xc63 0x0 0x0 0xad0005 0x0 0x2c900370 0xc63 0x0 0x0 0xb20004 0x0 0x2c9004d0 0xc63 0x0 0x0 0xb70005 0x0 0x2c900370 0xc63 0x0 0x0 0xbc0004 0x0 0x2e799b0 0xc63 0x0 0x0 0xbf0002 0xc63 0xc20003 0xc62 0xfffffffffffffe80 0xc60005 0x0 0x2c8fb440 0xc62 0x0 0x0 0xcb0005 0x0 0x2c900210 0xc62 0x0 0x0 0xd40005 0x0 0x2c9002c0 0xc62 0x0 0x0 0xd90007 0xc62 0x168 0x0 0xde0005 0x0 0x0 0x0 0x0 0x0 0xe30004 0x0 0x0 0x0 0x0 0x0 0xeb0005 0x0 0x0 0x0 0x0 0x0 0xf00004 0x0 0x0 0x0 0x0 0x0 0xf50005 0x0 0x0 0x0 0x0 0x0 0xfa0004 0x0 0x0 0x0 0x0 0x0 0xfd0002 0x0 0x1000003 0x0 0xfffffffffffffe80 0x1070007 0xc62 0x30 0x0 0x1130002 0x0 oops 24 8 java/util/WeakHashMap 14 java/util/WeakHashMap 20 java/util/WeakHashMap 29 java/util/WeakHashMap 35 java/util/WeakHashMap$EntrySet 41 java/util/WeakHashMap$EntryIterator 51 java/util/WeakHashMap$EntryIterator 57 java/util/WeakHashMap$Entry 63 java/util/WeakHashMap$Entry 69 javafx/stage/Window$TKBoundsConfigurator 75 java/util/WeakHashMap$Entry 81 java/security/AccessControlContext 92 java/util/WeakHashMap 98 java/util/WeakHashMap$EntrySet 104 java/util/WeakHashMap$EntryIterator 114 java/util/WeakHashMap$EntryIterator 120 java/util/WeakHashMap$Entry 126 java/util/WeakHashMap$Entry 132 javafx/scene/Scene$ScenePulseListener 138 java/util/WeakHashMap$Entry 144 java/security/AccessControlContext 155 java/util/WeakHashMap 161 java/util/WeakHashMap$EntrySet 167 java/util/WeakHashMap$EntryIterator